<?xml version="1.0" encoding="UTF-8"?>
<!-- Generated by org.testng.reporters.JUnitReportReporter -->
<testsuite hostname="DESKTOP-D0JLFQF" failures="0" tests="2" name="KeyWords2.Class12" time="1.765" errors="0" timestamp="2023-01-03T17:55:40 IST" skipped="0">
  <testcase classname="KeyWords2.Class12" name="Tc2" time="0.002"/>
  <system-out/>
  <testcase classname="KeyWords2.Class12" name="Tc1" time="1.763"/>
  <system-out>
    <![CDATA[Enter numbre]]>
  </system-out>
</testsuite> <!-- KeyWords2.Class12 -->
