<?xml version="1.0" encoding="UTF-8"?>
<!-- Generated by org.testng.reporters.JUnitReportReporter -->
<testsuite hostname="DESKTOP-D0JLFQF" failures="0" tests="2" name="TestSuite.Class2" time="5.025" errors="0" timestamp="2023-01-05T14:51:02 IST" skipped="0">
  <testcase classname="TestSuite.Class2" name="logout" time="0.002"/>
  <system-out>
    <![CDATA[logout]]>
  </system-out>
  <testcase classname="TestSuite.Class2" name="login" time="5.023"/>
  <system-out>
    <![CDATA[Running login]]>
  </system-out>
</testsuite> <!-- TestSuite.Class2 -->
