<?xml version="1.0" encoding="UTF-8"?>
<!-- Generated by org.testng.reporters.JUnitReportReporter -->
<testsuite hostname="DESKTOP-D0JLFQF" failures="0" tests="2" name="demo.Class10" time="11.233" errors="0" timestamp="2023-01-01T17:06:12 IST" skipped="0">
  <testcase classname="demo.Class10" name="openbrowser" time="11.229"/>
  <system-out>
    <![CDATA[Lest open youtube]]>
  </system-out>
  <testcase classname="demo.Class10" name="reversenumber" time="0.004"/>
  <system-out/>
</testsuite> <!-- demo.Class10 -->
