<?xml version="1.0" encoding="UTF-8"?>
<!-- Generated by org.testng.reporters.JUnitReportReporter -->
<testsuite hostname="DESKTOP-D0JLFQF" failures="0" tests="2" name="KeyWords2.Class5" time="2.900" errors="0" timestamp="2023-01-03T17:55:40 IST" skipped="0">
  <testcase classname="KeyWords2.Class5" name="Tc1" time="2.899"/>
  <system-out>
    <![CDATA[Enter number between 
Enter number between ]]>
  </system-out>
  <testcase classname="KeyWords2.Class5" name="tc2" time="0.001"/>
  <system-out>
    <![CDATA[Running Tc2]]>
  </system-out>
</testsuite> <!-- KeyWords2.Class5 -->
