<?xml version="1.0" encoding="UTF-8"?>
<!-- Generated by org.testng.reporters.JUnitReportReporter -->
<testsuite hostname="DESKTOP-D0JLFQF" failures="0" tests="1" name="demo.Class20" time="10.304" errors="0" timestamp="2023-01-01T17:31:49 IST" skipped="0">
  <testcase classname="demo.Class20" name="m1" time="10.304"/>
  <system-out/>
</testsuite> <!-- demo.Class20 -->
