<?xml version="1.0" encoding="UTF-8"?>
<!-- Generated by org.testng.reporters.JUnitReportReporter -->
<testsuite hostname="DESKTOP-D0JLFQF" failures="0" tests="2" name="demo.Class2" time="16.093" errors="0" timestamp="2022-12-30T17:11:58 IST" skipped="0">
  <testcase classname="demo.Class2" name="TC1" time="6.855"/>
  <system-out>
    <![CDATA[Test case 1 is running]]>
  </system-out>
  <testcase classname="demo.Class2" name="TC2" time="9.238"/>
  <system-out>
    <![CDATA[Test case 2 is running]]>
  </system-out>
</testsuite> <!-- demo.Class2 -->
