<?xml version="1.0" encoding="UTF-8"?>
<!-- Generated by org.testng.reporters.JUnitReportReporter -->
<testsuite hostname="DESKTOP-D0JLFQF" failures="0" tests="1" name="demo.Class9" time="0.003" errors="0" timestamp="2023-01-05T14:48:23 IST" skipped="0">
  <testcase classname="demo.Class9" name="countWhiteSpaces" time="0.003"/>
  <system-out/>
</testsuite> <!-- demo.Class9 -->
