<?xml version="1.0" encoding="UTF-8"?>
<!-- Generated by org.testng.reporters.JUnitReportReporter -->
<testsuite hostname="DESKTOP-D0JLFQF" failures="0" tests="7" name="KeyWords.Class2" time="0.056" errors="0" timestamp="2023-01-02T17:43:04 IST" skipped="1">
  <testcase classname="KeyWords.Class2" name="kl" time="0.006"/>
  <system-out>
    <![CDATA[K1 Running ]]>
  </system-out>
  <testcase classname="KeyWords.Class2" name="kl" time="0.006"/>
  <system-out>
    <![CDATA[K1 Running ]]>
  </system-out>
  <testcase classname="KeyWords.Class2" name="kl" time="0.013"/>
  <system-out>
    <![CDATA[K1 Running ]]>
  </system-out>
  <testcase classname="KeyWords.Class2" name="kl" time="0.020"/>
  <system-out>
    <![CDATA[K1 Running ]]>
  </system-out>
  <testcase classname="KeyWords.Class2" name="kl" time="0.009"/>
  <system-out>
    <![CDATA[K1 Running ]]>
  </system-out>
  <testcase classname="KeyWords.Class2" name="TC1" time="0.002"/>
  <system-out>
    <![CDATA[TC1 is running ]]>
  </system-out>
  <testcase classname="KeyWords.Class2" name="tc2">
    <skipped/>
  </testcase> <!-- tc2 -->
  <system-out/>
</testsuite> <!-- KeyWords.Class2 -->
