<?xml version="1.0" encoding="UTF-8"?>
<!-- Generated by org.testng.reporters.JUnitReportReporter -->
<testsuite hostname="DESKTOP-D0JLFQF" failures="0" tests="2" name="Annotation.Class6" time="0.012" errors="0" timestamp="2023-01-05T20:09:15 IST" skipped="0">
  <testcase classname="Annotation.Class6" name="tc3" time="0.004"/>
  <system-out>
    <![CDATA[running TC3]]>
  </system-out>
  <testcase classname="Annotation.Class6" name="Tc2" time="0.008"/>
  <system-out>
    <![CDATA[running TC3]]>
  </system-out>
</testsuite> <!-- Annotation.Class6 -->
