<?xml version="1.0" encoding="UTF-8"?>
<!-- Generated by org.testng.reporters.JUnitReportReporter -->
<testsuite hostname="DESKTOP-D0JLFQF" failures="0" tests="1" name="demo.Class5" time="0.001" errors="0" timestamp="2023-01-05T14:48:23 IST" skipped="0">
  <testcase classname="demo.Class5" name="mk" time="0.001"/>
  <system-out/>
</testsuite> <!-- demo.Class5 -->
