<?xml version="1.0" encoding="UTF-8"?>
<!-- Generated by org.testng.reporters.JUnitReportReporter -->
<testsuite hostname="DESKTOP-D0JLFQF" failures="0" tests="4" name="Annotation.Class13" time="0.014" errors="0" timestamp="2023-01-05T20:09:15 IST" skipped="0">
  <testcase classname="Annotation.Class13" name="TC3" time="0.005"/>
  <system-out>
    <![CDATA[Running Test Case 3]]>
  </system-out>
  <testcase classname="Annotation.Class13" name="TC1" time="0.005"/>
  <system-out>
    <![CDATA[Running Test case 1]]>
  </system-out>
  <testcase classname="Annotation.Class13" name="TC2" time="0.002"/>
  <system-out>
    <![CDATA[Running Test Case 2]]>
  </system-out>
  <testcase classname="Annotation.Class13" name="TC4" time="0.002"/>
  <system-out>
    <![CDATA[Running Test Case 4]]>
  </system-out>
</testsuite> <!-- Annotation.Class13 -->
