<?xml version="1.0" encoding="UTF-8"?>
<!-- Generated by org.testng.reporters.JUnitReportReporter -->
<testsuite hostname="DESKTOP-D0JLFQF" failures="0" tests="4" name="AssertClassMethod.Assert_assertNotEquals4" time="0.015" errors="0" timestamp="2023-01-04T20:55:37 IST" skipped="0">
  <testcase classname="AssertClassMethod.Assert_assertNotEquals4" name="Tc1" time="0.002"/>
  <system-out/>
  <testcase classname="AssertClassMethod.Assert_assertNotEquals4" name="Tc1" time="0.010"/>
  <system-out/>
  <testcase classname="AssertClassMethod.Assert_assertNotEquals4" name="Tc1" time="0.002"/>
  <system-out/>
  <testcase classname="AssertClassMethod.Assert_assertNotEquals4" name="Tc1" time="0.001"/>
  <system-out/>
</testsuite> <!-- AssertClassMethod.Assert_assertNotEquals4 -->
