<?xml version="1.0" encoding="UTF-8"?>
<!-- Generated by org.testng.reporters.JUnitReportReporter -->
<testsuite hostname="DESKTOP-D0JLFQF" failures="0" tests="1" name="demo.Class1" time="12.672" errors="0" timestamp="2022-12-30T16:41:58 IST" skipped="0">
  <testcase classname="demo.Class1" name="tc1" time="12.672"/>
  <system-out/>
</testsuite> <!-- demo.Class1 -->
