<?xml version="1.0" encoding="UTF-8"?>
<!-- Generated by org.testng.reporters.JUnitReportReporter -->
<testsuite hostname="DESKTOP-D0JLFQF" failures="0" tests="3" name="disable_test_case_execution.Class13" time="0.026" errors="0" timestamp="2023-01-05T20:00:28 IST" skipped="0">
  <testcase classname="disable_test_case_execution.Class13" name="TC3" time="0.005"/>
  <system-out>
    <![CDATA[Running Test Case 3]]>
  </system-out>
  <testcase classname="disable_test_case_execution.Class13" name="TC4" time="0.004"/>
  <system-out>
    <![CDATA[Running Test Case 4]]>
  </system-out>
  <testcase classname="disable_test_case_execution.Class13" name="TC2" time="0.017"/>
  <system-out>
    <![CDATA[Running Test Case 2]]>
  </system-out>
</testsuite> <!-- disable_test_case_execution.Class13 -->
