<?xml version="1.0" encoding="UTF-8"?>
<!-- Generated by org.testng.reporters.JUnitReportReporter -->
<testsuite hostname="DESKTOP-D0JLFQF" failures="0" tests="1" name="demo.class18" time="17.884" errors="0" timestamp="2023-01-01T17:28:36 IST" skipped="0">
  <testcase classname="demo.class18" name="dynamicelement" time="17.884"/>
  <system-out/>
</testsuite> <!-- demo.class18 -->
