<?xml version="1.0" encoding="UTF-8"?>
<!-- Generated by org.testng.reporters.JUnitReportReporter -->
<testsuite hostname="DESKTOP-D0JLFQF" failures="0" tests="13" name="KeyWords.Class7" time="0.036" errors="0" timestamp="2023-01-02T20:11:52 IST" skipped="1">
  <testcase classname="KeyWords.Class7" name="Tc6" time="0.002"/>
  <system-out>
    <![CDATA[Running Tc6]]>
  </system-out>
  <testcase classname="KeyWords.Class7" name="Tc6" time="0.002"/>
  <system-out>
    <![CDATA[Running Tc6]]>
  </system-out>
  <testcase classname="KeyWords.Class7" name="Tc6" time="0.008"/>
  <system-out>
    <![CDATA[Running Tc6]]>
  </system-out>
  <testcase classname="KeyWords.Class7" name="Tc6" time="0.007"/>
  <system-out>
    <![CDATA[Running Tc6]]>
  </system-out>
  <testcase classname="KeyWords.Class7" name="Tc6" time="0.002"/>
  <system-out>
    <![CDATA[Running Tc6]]>
  </system-out>
  <testcase classname="KeyWords.Class7" name="Tc6" time="0.008"/>
  <system-out>
    <![CDATA[Running Tc6]]>
  </system-out>
  <testcase classname="KeyWords.Class7" name="Tc6" time="0.001"/>
  <system-out>
    <![CDATA[Running Tc6]]>
  </system-out>
  <testcase classname="KeyWords.Class7" name="Tc3" time="0.001"/>
  <system-out>
    <![CDATA[Running Tc3]]>
  </system-out>
  <testcase classname="KeyWords.Class7" name="Tc2" time="0.001"/>
  <system-out>
    <![CDATA[Running Tc2]]>
  </system-out>
  <testcase classname="KeyWords.Class7" name="Tc1" time="0.002"/>
  <system-out>
    <![CDATA[Running Tc1]]>
  </system-out>
  <testcase classname="KeyWords.Class7" name="Tc7" time="0.001"/>
  <system-out>
    <![CDATA[Running Tc7]]>
  </system-out>
  <testcase classname="KeyWords.Class7" name="Tc7" time="0.001"/>
  <system-out>
    <![CDATA[Running Tc7]]>
  </system-out>
  <testcase classname="KeyWords.Class7" name="Tc4">
    <skipped/>
  </testcase> <!-- Tc4 -->
  <system-out/>
</testsuite> <!-- KeyWords.Class7 -->
