<?xml version="1.0" encoding="UTF-8"?>
<!-- Generated by org.testng.reporters.JUnitReportReporter -->
<testsuite hostname="DESKTOP-D0JLFQF" failures="0" tests="1" name="AssertClassMethod.assertEquals2" time="0.011" errors="0" timestamp="2023-01-04T20:45:11 IST" skipped="0">
  <testcase classname="AssertClassMethod.assertEquals2" name="m1" time="0.011"/>
  <system-out/>
</testsuite> <!-- AssertClassMethod.assertEquals2 -->
