<?xml version="1.0" encoding="UTF-8"?>
<!-- Generated by org.testng.reporters.JUnitReportReporter -->
<testsuite hostname="DESKTOP-D0JLFQF" failures="0" tests="12" name="KeyWords.Class4" time="0.029" errors="0" timestamp="2023-01-02T19:58:11 IST" skipped="1">
  <testcase classname="KeyWords.Class4" name="TC1" time="0.010"/>
  <system-out>
    <![CDATA[Running Tc1]]>
  </system-out>
  <testcase classname="KeyWords.Class4" name="TC2" time="0.002"/>
  <system-out>
    <![CDATA[Running Tc2]]>
  </system-out>
  <testcase classname="KeyWords.Class4" name="TC2" time="0.001"/>
  <system-out>
    <![CDATA[Running Tc2]]>
  </system-out>
  <testcase classname="KeyWords.Class4" name="TC2" time="0.002"/>
  <system-out>
    <![CDATA[Running Tc2]]>
  </system-out>
  <testcase classname="KeyWords.Class4" name="TC2" time="0.001"/>
  <system-out>
    <![CDATA[Running Tc2]]>
  </system-out>
  <testcase classname="KeyWords.Class4" name="TC4" time="0.004"/>
  <system-out>
    <![CDATA[Running Tc4]]>
  </system-out>
  <testcase classname="KeyWords.Class4" name="TC5" time="0.002"/>
  <system-out>
    <![CDATA[Running Tc6]]>
  </system-out>
  <testcase classname="KeyWords.Class4" name="TC5" time="0.004"/>
  <system-out>
    <![CDATA[Running Tc6]]>
  </system-out>
  <testcase classname="KeyWords.Class4" name="TC5" time="0.001"/>
  <system-out>
    <![CDATA[Running Tc6]]>
  </system-out>
  <testcase classname="KeyWords.Class4" name="TC5" time="0.001"/>
  <system-out>
    <![CDATA[Running Tc6]]>
  </system-out>
  <testcase classname="KeyWords.Class4" name="TC5" time="0.001"/>
  <system-out>
    <![CDATA[Running Tc6]]>
  </system-out>
  <testcase classname="KeyWords.Class4" name="TC3">
    <skipped/>
  </testcase> <!-- TC3 -->
  <system-out/>
</testsuite> <!-- KeyWords.Class4 -->
