<?xml version="1.0" encoding="UTF-8"?>
<!-- Generated by org.testng.reporters.JUnitReportReporter -->
<testsuite hostname="DESKTOP-D0JLFQF" failures="0" tests="10" name="KeyWords.Class5" time="0.024" errors="0" timestamp="2023-01-02T20:00:02 IST" skipped="1">
  <testcase classname="KeyWords.Class5" name="TC1" time="0.008"/>
  <system-out>
    <![CDATA[Running Tc1]]>
  </system-out>
  <testcase classname="KeyWords.Class5" name="TC2" time="0.003"/>
  <system-out>
    <![CDATA[Running Tc2]]>
  </system-out>
  <testcase classname="KeyWords.Class5" name="TC2" time="0.001"/>
  <system-out>
    <![CDATA[Running Tc2]]>
  </system-out>
  <testcase classname="KeyWords.Class5" name="TC2" time="0.002"/>
  <system-out>
    <![CDATA[Running Tc2]]>
  </system-out>
  <testcase classname="KeyWords.Class5" name="TC2" time="0.004"/>
  <system-out>
    <![CDATA[Running Tc2]]>
  </system-out>
  <testcase classname="KeyWords.Class5" name="TC4" time="0.001"/>
  <system-out>
    <![CDATA[Running Tc4]]>
  </system-out>
  <testcase classname="KeyWords.Class5" name="TC3" time="0.002"/>
  <system-out>
    <![CDATA[Running Tc3]]>
  </system-out>
  <testcase classname="KeyWords.Class5" name="TC3" time="0.002"/>
  <system-out>
    <![CDATA[Running Tc3]]>
  </system-out>
  <testcase classname="KeyWords.Class5" name="TC3" time="0.001"/>
  <system-out>
    <![CDATA[Running Tc3]]>
  </system-out>
  <testcase classname="KeyWords.Class5" name="TC5">
    <skipped/>
  </testcase> <!-- TC5 -->
  <system-out/>
</testsuite> <!-- KeyWords.Class5 -->
