<?xml version="1.0" encoding="UTF-8"?>
<!-- Generated by org.testng.reporters.JUnitReportReporter -->
<testsuite hostname="DESKTOP-D0JLFQF" failures="0" tests="2" name="KeyWords2.Class16" time="5.016" errors="0" timestamp="2023-01-03T17:55:40 IST" skipped="0">
  <testcase classname="KeyWords2.Class16" name="logout" time="0.002"/>
  <system-out>
    <![CDATA[logout]]>
  </system-out>
  <testcase classname="KeyWords2.Class16" name="login" time="5.014"/>
  <system-out>
    <![CDATA[Running login]]>
  </system-out>
</testsuite> <!-- KeyWords2.Class16 -->
