<?xml version="1.0" encoding="UTF-8"?>
<!-- Generated by org.testng.reporters.JUnitReportReporter -->
<testsuite hostname="DESKTOP-D0JLFQF" failures="0" tests="1" name="demo.Class16" time="0.009" errors="0" timestamp="2023-01-01T17:17:42 IST" skipped="0">
  <testcase classname="demo.Class16" name="hashmap" time="0.009"/>
  <system-out/>
</testsuite> <!-- demo.Class16 -->
