<?xml version="1.0" encoding="UTF-8"?>
<!-- Generated by org.testng.reporters.JUnitReportReporter -->
<testsuite hostname="DESKTOP-D0JLFQF" failures="0" tests="5" name="KeyWords2.Class6" time="0.009" errors="0" timestamp="2023-01-03T17:55:40 IST" skipped="0">
  <testcase classname="KeyWords2.Class6" name="TC5" time="0.001"/>
  <system-out>
    <![CDATA[Ruuning Tc5]]>
  </system-out>
  <testcase classname="KeyWords2.Class6" name="TC4" time="0.002"/>
  <system-out>
    <![CDATA[Ruuning Tc4]]>
  </system-out>
  <testcase classname="KeyWords2.Class6" name="TC1" time="0.002"/>
  <system-out>
    <![CDATA[Ruuning Tc1]]>
  </system-out>
  <testcase classname="KeyWords2.Class6" name="TC2" time="0.002"/>
  <system-out>
    <![CDATA[Ruuning Tc2]]>
  </system-out>
  <testcase classname="KeyWords2.Class6" name="TC3" time="0.002"/>
  <system-out>
    <![CDATA[Ruuning Tc3]]>
  </system-out>
</testsuite> <!-- KeyWords2.Class6 -->
