<?xml version="1.0" encoding="UTF-8"?>
<!-- Generated by org.testng.reporters.JUnitReportReporter -->
<testsuite hostname="DESKTOP-D0JLFQF" failures="0" tests="5" name="TestSuite.Class1" time="0.032" errors="0" timestamp="2023-01-05T14:54:26 IST" skipped="1">
  <testcase classname="TestSuite.Class1" name="TC7" time="0.010"/>
  <system-out>
    <![CDATA[Running test case 7 ]]>
  </system-out>
  <testcase classname="TestSuite.Class1" name="TC7" time="0.007"/>
  <system-out>
    <![CDATA[Running test case 7 ]]>
  </system-out>
  <testcase classname="TestSuite.Class1" name="TC7" time="0.002"/>
  <system-out>
    <![CDATA[Running test case 7 ]]>
  </system-out>
  <testcase classname="TestSuite.Class1" name="TC7" time="0.013"/>
  <system-out>
    <![CDATA[Running test case 7 ]]>
  </system-out>
  <testcase classname="TestSuite.Class1" name="TC4">
    <skipped/>
  </testcase> <!-- TC4 -->
  <system-out/>
</testsuite> <!-- TestSuite.Class1 -->
