<?xml version="1.0" encoding="UTF-8"?>
<!-- Generated by org.testng.reporters.JUnitReportReporter -->
<testsuite hostname="DESKTOP-D0JLFQF" failures="0" tests="5" name="TestSuite.Class8" time="0.049" errors="0" timestamp="2023-01-05T14:48:23 IST" skipped="0">
  <testcase classname="TestSuite.Class8" name="TC4" time="0.003"/>
  <system-out>
    <![CDATA[Ruuning Tc4]]>
  </system-out>
  <testcase classname="TestSuite.Class8" name="TC5" time="0.034"/>
  <system-out>
    <![CDATA[Ruuning Tc5]]>
  </system-out>
  <testcase classname="TestSuite.Class8" name="TC1" time="0.004"/>
  <system-out>
    <![CDATA[Ruuning Tc1]]>
  </system-out>
  <testcase classname="TestSuite.Class8" name="TC2" time="0.003"/>
  <system-out>
    <![CDATA[Ruuning Tc2]]>
  </system-out>
  <testcase classname="TestSuite.Class8" name="TC3" time="0.005"/>
  <system-out>
    <![CDATA[Ruuning Tc3]]>
  </system-out>
</testsuite> <!-- TestSuite.Class8 -->
