<?xml version="1.0" encoding="UTF-8"?>
<!-- Generated by org.testng.reporters.JUnitReportReporter -->
<testsuite hostname="DESKTOP-D0JLFQF" failures="0" tests="1" name="grouping_of_test_cases.class1" time="0.001" errors="0" timestamp="2023-01-09T12:39:43 IST" skipped="0">
  <testcase classname="grouping_of_test_cases.class1" name="tc3" time="0.001"/>
  <system-out>
    <![CDATA[running method tc3]]>
  </system-out>
</testsuite> <!-- grouping_of_test_cases.class1 -->
