<?xml version="1.0" encoding="UTF-8"?>
<!-- Generated by org.testng.reporters.JUnitReportReporter -->
<testsuite hostname="DESKTOP-D0JLFQF" failures="0" tests="4" name="KeyWords2.Class14" time="0.006" errors="0" timestamp="2023-01-03T17:55:40 IST" skipped="0">
  <testcase classname="KeyWords2.Class14" name="Tc1" time="0.002"/>
  <system-out>
    <![CDATA[Ruuning Tc1]]>
  </system-out>
  <testcase classname="KeyWords2.Class14" name="Tc4" time="0.001"/>
  <system-out>
    <![CDATA[Ruuning Tc4]]>
  </system-out>
  <testcase classname="KeyWords2.Class14" name="Tc3" time="0.002"/>
  <system-out>
    <![CDATA[Ruuning Tc3]]>
  </system-out>
  <testcase classname="KeyWords2.Class14" name="Tc2" time="0.001"/>
  <system-out>
    <![CDATA[Ruuning Tc2]]>
  </system-out>
</testsuite> <!-- KeyWords2.Class14 -->
