<?xml version="1.0" encoding="UTF-8"?>
<!-- Generated by org.testng.reporters.JUnitReportReporter -->
<testsuite hostname="DESKTOP-D0JLFQF" failures="0" tests="1" name="Annotation.Class14" time="0.321" errors="0" timestamp="2023-01-05T20:16:20 IST" skipped="0">
  <testcase classname="Annotation.Class14" name="TC4" time="0.321"/>
  <system-out>
    <![CDATA[Running Test Case 4]]>
  </system-out>
</testsuite> <!-- Annotation.Class14 -->
