<?xml version="1.0" encoding="UTF-8"?>
<!-- Generated by org.testng.reporters.JUnitReportReporter -->
<testsuite hostname="DESKTOP-D0JLFQF" failures="0" tests="2" name="Annotation.Class18" time="39.910" errors="0" timestamp="2023-01-05T20:09:15 IST" skipped="0">
  <testcase classname="Annotation.Class18" name="verifylog" time="38.791"/>
  <system-out/>
  <testcase classname="Annotation.Class18" name="verifyRemovebutton" time="1.119"/>
  <system-out/>
</testsuite> <!-- Annotation.Class18 -->
