<?xml version="1.0" encoding="UTF-8"?>
<!-- Generated by org.testng.reporters.JUnitReportReporter -->
<testsuite hostname="DESKTOP-D0JLFQF" failures="0" tests="23" name="KeyWords.Class3" time="0.073" errors="0" timestamp="2023-01-02T19:54:10 IST" skipped="4">
  <testcase classname="KeyWords.Class3" name="TC2" time="0.004"/>
  <system-out>
    <![CDATA[Running TC2]]>
  </system-out>
  <testcase classname="KeyWords.Class3" name="TC2" time="0.001"/>
  <system-out>
    <![CDATA[Running TC2]]>
  </system-out>
  <testcase classname="KeyWords.Class3" name="TC2" time="0.002"/>
  <system-out>
    <![CDATA[Running TC2]]>
  </system-out>
  <testcase classname="KeyWords.Class3" name="TC2" time="0.002"/>
  <system-out>
    <![CDATA[Running TC2]]>
  </system-out>
  <testcase classname="KeyWords.Class3" name="TC13" time="0.011"/>
  <system-out>
    <![CDATA[Running Tc13]]>
  </system-out>
  <testcase classname="KeyWords.Class3" name="TC2" time="0.001"/>
  <system-out>
    <![CDATA[Running TC2]]>
  </system-out>
  <testcase classname="KeyWords.Class3" name="TC12" time="0.001"/>
  <system-out>
    <![CDATA[Running Tc12]]>
  </system-out>
  <testcase classname="KeyWords.Class3" name="TC12" time="0.001"/>
  <system-out>
    <![CDATA[Running Tc12]]>
  </system-out>
  <testcase classname="KeyWords.Class3" name="TC12" time="0.003"/>
  <system-out>
    <![CDATA[Running Tc12]]>
  </system-out>
  <testcase classname="KeyWords.Class3" name="TC12" time="0.015"/>
  <system-out>
    <![CDATA[Running Tc12]]>
  </system-out>
  <testcase classname="KeyWords.Class3" name="TC12" time="0.002"/>
  <system-out>
    <![CDATA[Running Tc12]]>
  </system-out>
  <testcase classname="KeyWords.Class3" name="TC10" time="0.012"/>
  <system-out>
    <![CDATA[Running Tc10]]>
  </system-out>
  <testcase classname="KeyWords.Class3" name="TC10" time="0.002"/>
  <system-out>
    <![CDATA[Running Tc10]]>
  </system-out>
  <testcase classname="KeyWords.Class3" name="TC10" time="0.001"/>
  <system-out>
    <![CDATA[Running Tc10]]>
  </system-out>
  <testcase classname="KeyWords.Class3" name="TC4" time="0.002"/>
  <system-out>
    <![CDATA[Running Tc4]]>
  </system-out>
  <testcase classname="KeyWords.Class3" name="TC10" time="0.006"/>
  <system-out>
    <![CDATA[Running Tc10]]>
  </system-out>
  <testcase classname="KeyWords.Class3" name="TC10" time="0.003"/>
  <system-out>
    <![CDATA[Running Tc10]]>
  </system-out>
  <testcase classname="KeyWords.Class3" name="TC7" time="0.003"/>
  <system-out>
    <![CDATA[Running Tc3]]>
  </system-out>
  <testcase classname="KeyWords.Class3" name="TC1" time="0.001"/>
  <system-out>
    <![CDATA[Running TC1]]>
  </system-out>
  <testcase classname="KeyWords.Class3" name="TC5">
    <skipped/>
  </testcase> <!-- TC5 -->
  <system-out/>
  <testcase classname="KeyWords.Class3" name="TC3">
    <skipped/>
  </testcase> <!-- TC3 -->
  <system-out/>
  <testcase classname="KeyWords.Class3" name="TC9">
    <skipped/>
  </testcase> <!-- TC9 -->
  <system-out/>
  <testcase classname="KeyWords.Class3" name="TC8">
    <skipped/>
  </testcase> <!-- TC8 -->
  <system-out/>
</testsuite> <!-- KeyWords.Class3 -->
