<?xml version="1.0" encoding="UTF-8"?>
<!-- Generated by org.testng.reporters.JUnitReportReporter -->
<testsuite hostname="DESKTOP-D0JLFQF" failures="0" tests="6" name="KeyWords2.Class4" time="0.007" errors="0" timestamp="2023-01-03T17:55:40 IST" skipped="0">
  <testcase classname="KeyWords2.Class4" name="Tc1" time="0.001"/>
  <system-out>
    <![CDATA[Running method Tc2]]>
  </system-out>
  <testcase classname="KeyWords2.Class4" name="Tc2" time="0.002"/>
  <system-out>
    <![CDATA[Tc2]]>
  </system-out>
  <testcase classname="KeyWords2.Class4" name="Tc2" time="0.001"/>
  <system-out>
    <![CDATA[Tc2]]>
  </system-out>
  <testcase classname="KeyWords2.Class4" name="Tc2" time="0.001"/>
  <system-out>
    <![CDATA[Tc2]]>
  </system-out>
  <testcase classname="KeyWords2.Class4" name="Tc2" time="0.001"/>
  <system-out>
    <![CDATA[Tc2]]>
  </system-out>
  <testcase classname="KeyWords2.Class4" name="Tc2" time="0.001"/>
  <system-out>
    <![CDATA[Tc2]]>
  </system-out>
</testsuite> <!-- KeyWords2.Class4 -->
