<?xml version="1.0" encoding="UTF-8"?>
<!-- Generated by org.testng.reporters.JUnitReportReporter -->
<testsuite hostname="DESKTOP-D0JLFQF" failures="0" tests="1" name="demo.Class6" time="8.535" errors="0" timestamp="2023-01-05T14:48:23 IST" skipped="0">
  <testcase classname="demo.Class6" name="m1" time="8.535"/>
  <system-out/>
</testsuite> <!-- demo.Class6 -->
