<?xml version="1.0" encoding="UTF-8"?>
<!-- Generated by org.testng.reporters.JUnitReportReporter -->
<testsuite hostname="DESKTOP-D0JLFQF" failures="0" tests="2" name="Annotation.Class5" time="0.010" errors="0" timestamp="2023-01-05T20:09:15 IST" skipped="0">
  <testcase classname="Annotation.Class5" name="tc3" time="0.003"/>
  <system-out>
    <![CDATA[running TC3]]>
  </system-out>
  <testcase classname="Annotation.Class5" name="Tc2" time="0.007"/>
  <system-out>
    <![CDATA[running TC3]]>
  </system-out>
</testsuite> <!-- Annotation.Class5 -->
