<?xml version="1.0" encoding="UTF-8"?>
<!-- Generated by org.testng.reporters.JUnitReportReporter -->
<testsuite hostname="DESKTOP-D0JLFQF" failures="0" tests="1" name="Annotation.Class11" time="0.004" errors="0" timestamp="2023-01-05T20:09:15 IST" skipped="0">
  <testcase classname="Annotation.Class11" name="tc1" time="0.004"/>
  <system-out>
    <![CDATA[verify Log]]>
  </system-out>
</testsuite> <!-- Annotation.Class11 -->
