<?xml version="1.0" encoding="UTF-8"?>
<!-- Generated by org.testng.reporters.JUnitReportReporter -->
<testsuite hostname="DESKTOP-D0JLFQF" failures="0" tests="1" name="Annotation.Class2" time="2.139" errors="0" timestamp="2023-01-06T15:44:41 IST" skipped="0">
  <testcase classname="Annotation.Class2" name="verifyLOg" time="2.139"/>
  <system-out/>
</testsuite> <!-- Annotation.Class2 -->
