<?xml version="1.0" encoding="UTF-8"?>
<!-- Generated by org.testng.reporters.JUnitReportReporter -->
<testsuite hostname="DESKTOP-D0JLFQF" failures="0" tests="2" name="Annotation.Class9" time="1.744" errors="0" timestamp="2023-01-05T20:12:35 IST" skipped="0">
  <testcase classname="Annotation.Class9" name="verifylog" time="0.754"/>
  <system-out/>
  <testcase classname="Annotation.Class9" name="verifyRemovebutton" time="0.990"/>
  <system-out/>
</testsuite> <!-- Annotation.Class9 -->
