<?xml version="1.0" encoding="UTF-8"?>
<!-- Generated by org.testng.reporters.JUnitReportReporter -->
<testsuite hostname="DESKTOP-D0JLFQF" failures="0" tests="2" name="demo.class8" time="0.003" errors="0" timestamp="2023-01-05T14:48:23 IST" skipped="0">
  <testcase classname="demo.class8" name="countArmstrongFrom1To1000" time="0.002"/>
  <system-out/>
  <testcase classname="demo.class8" name="Armstrongnumber" time="0.001"/>
  <system-out>
    <![CDATA[given number is Arm strong]]>
  </system-out>
</testsuite> <!-- demo.class8 -->
