<?xml version="1.0" encoding="UTF-8"?>
<!-- Generated by org.testng.reporters.JUnitReportReporter -->
<testsuite hostname="DESKTOP-D0JLFQF" failures="0" tests="3" name="Annotation.Class15" time="0.008" errors="0" timestamp="2023-01-05T20:12:35 IST" skipped="0">
  <testcase classname="Annotation.Class15" name="TC2" time="0.003"/>
  <system-out>
    <![CDATA[Running Test Case 2]]>
  </system-out>
  <testcase classname="Annotation.Class15" name="TC3" time="0.004"/>
  <system-out>
    <![CDATA[Running Test Case 3]]>
  </system-out>
  <testcase classname="Annotation.Class15" name="TC4" time="0.001"/>
  <system-out>
    <![CDATA[Running Test Case 4]]>
  </system-out>
</testsuite> <!-- Annotation.Class15 -->
