<?xml version="1.0" encoding="UTF-8"?>
<!-- Generated by org.testng.reporters.JUnitReportReporter -->
<testsuite hostname="DESKTOP-D0JLFQF" failures="0" tests="1" name="demo.Class17" time="16.986" errors="0" timestamp="2023-01-01T17:19:22 IST" skipped="0">
  <testcase classname="demo.Class17" name="iframe" time="16.986"/>
  <system-out/>
</testsuite> <!-- demo.Class17 -->
