<?xml version="1.0" encoding="UTF-8"?>
<!-- Generated by org.testng.reporters.JUnitReportReporter -->
<testsuite hostname="DESKTOP-D0JLFQF" failures="0" tests="2" name="Annotation.Class10" time="1.463" errors="0" timestamp="2023-01-05T20:12:35 IST" skipped="0">
  <testcase classname="Annotation.Class10" name="verifylog" time="0.647"/>
  <system-out/>
  <testcase classname="Annotation.Class10" name="verifyRemovebutton" time="0.816"/>
  <system-out/>
</testsuite> <!-- Annotation.Class10 -->
