<?xml version="1.0" encoding="UTF-8"?>
<!-- Generated by org.testng.reporters.JUnitReportReporter -->
<testsuite hostname="DESKTOP-D0JLFQF" failures="0" tests="1" name="AssertClassMethod.Assert_assertTrue6" time="0.010" errors="0" timestamp="2023-01-04T21:05:52 IST" skipped="0">
  <testcase classname="AssertClassMethod.Assert_assertTrue6" name="tc1" time="0.010"/>
  <system-out/>
</testsuite> <!-- AssertClassMethod.Assert_assertTrue6 -->
