<?xml version="1.0" encoding="UTF-8"?>
<!-- Generated by org.testng.reporters.JUnitReportReporter -->
<testsuite hostname="DESKTOP-D0JLFQF" failures="0" tests="7" name="disable_test_case_execution.Class3" time="0.022" errors="0" timestamp="2023-01-05T20:04:54 IST" skipped="0">
  <testcase classname="disable_test_case_execution.Class3" name="tc5" time="0.002"/>
  <system-out>
    <![CDATA[Ruuning Tc6]]>
  </system-out>
  <testcase classname="disable_test_case_execution.Class3" name="tc7" time="0.001"/>
  <system-out>
    <![CDATA[Ruuning Tc7]]>
  </system-out>
  <testcase classname="disable_test_case_execution.Class3" name="tc3" time="0.003"/>
  <system-out>
    <![CDATA[Ruuning Tc3]]>
  </system-out>
  <testcase classname="disable_test_case_execution.Class3" name="tc8" time="0.002"/>
  <system-out>
    <![CDATA[Ruuning Tc8]]>
  </system-out>
  <testcase classname="disable_test_case_execution.Class3" name="tc4" time="0.002"/>
  <system-out>
    <![CDATA[Ruuning Tc4]]>
  </system-out>
  <testcase classname="disable_test_case_execution.Class3" name="tc2" time="0.010"/>
  <system-out>
    <![CDATA[Ruuning Tc2]]>
  </system-out>
  <testcase classname="disable_test_case_execution.Class3" name="tc6" time="0.002"/>
  <system-out>
    <![CDATA[Ruuning Tc4]]>
  </system-out>
</testsuite> <!-- disable_test_case_execution.Class3 -->
