<?xml version="1.0" encoding="UTF-8"?>
<!-- Generated by org.testng.reporters.JUnitReportReporter -->
<testsuite hostname="DESKTOP-D0JLFQF" failures="0" tests="1" name="disable_test_case_execution.Class2" time="0.003" errors="0" timestamp="2023-01-05T19:52:48 IST" skipped="0">
  <testcase classname="disable_test_case_execution.Class2" name="m1" time="0.003"/>
  <system-out>
    <![CDATA[Ruuning m1]]>
  </system-out>
</testsuite> <!-- disable_test_case_execution.Class2 -->
