<?xml version="1.0" encoding="UTF-8"?>
<!-- Generated by org.testng.reporters.JUnitReportReporter -->
<testsuite hostname="DESKTOP-D0JLFQF" failures="0" tests="1" name="demo.Class14" time="0.011" errors="0" timestamp="2023-01-01T17:09:44 IST" skipped="0">
  <testcase classname="demo.Class14" name="multiplenumber" time="0.011"/>
  <system-out>
    <![CDATA[sum=20]]>
  </system-out>
</testsuite> <!-- demo.Class14 -->
