<?xml version="1.0" encoding="UTF-8"?>
<!-- Generated by org.testng.reporters.JUnitReportReporter -->
<testsuite hostname="DESKTOP-D0JLFQF" failures="0" tests="1" name="AssertClassMethod.Assert_assertFalse2" time="0.010" errors="0" timestamp="2023-01-04T21:16:15 IST" skipped="0">
  <testcase classname="AssertClassMethod.Assert_assertFalse2" name="tc1" time="0.010"/>
  <system-out/>
</testsuite> <!-- AssertClassMethod.Assert_assertFalse2 -->
