<?xml version="1.0" encoding="UTF-8"?>
<!-- Generated by org.testng.reporters.JUnitReportReporter -->
<testsuite hostname="DESKTOP-D0JLFQF" failures="0" tests="4" name="Annotation.Class16" time="0.039" errors="0" timestamp="2023-01-05T20:09:15 IST" skipped="0">
  <testcase classname="Annotation.Class16" name="TC3" time="0.002"/>
  <system-out>
    <![CDATA[Running Test Case 3]]>
  </system-out>
  <testcase classname="Annotation.Class16" name="TC2" time="0.010"/>
  <system-out>
    <![CDATA[Running Test Case 2]]>
  </system-out>
  <testcase classname="Annotation.Class16" name="TC1" time="0.003"/>
  <system-out>
    <![CDATA[Running Test case 1]]>
  </system-out>
  <testcase classname="Annotation.Class16" name="TC4" time="0.024"/>
  <system-out>
    <![CDATA[Running Test Case 4]]>
  </system-out>
</testsuite> <!-- Annotation.Class16 -->
