<?xml version="1.0" encoding="UTF-8"?>
<!-- Generated by org.testng.reporters.JUnitReportReporter -->
<testsuite hostname="DESKTOP-D0JLFQF" failures="0" tests="22" name="KeyWords.Class9" time="0.044" errors="0" timestamp="2023-01-02T20:23:23 IST" skipped="1">
  <testcase classname="KeyWords.Class9" name="TC2" time="0.001"/>
  <system-out>
    <![CDATA[Running test Case 2]]>
  </system-out>
  <testcase classname="KeyWords.Class9" name="TC2" time="0.004"/>
  <system-out>
    <![CDATA[Running test Case 2]]>
  </system-out>
  <testcase classname="KeyWords.Class9" name="TC2" time="0.001"/>
  <system-out>
    <![CDATA[Running test Case 2]]>
  </system-out>
  <testcase classname="KeyWords.Class9" name="TC2" time="0.009"/>
  <system-out>
    <![CDATA[Running test Case 2]]>
  </system-out>
  <testcase classname="KeyWords.Class9" name="TC2" time="0.002"/>
  <system-out>
    <![CDATA[Running test Case 2]]>
  </system-out>
  <testcase classname="KeyWords.Class9" name="TC2" time="0.002"/>
  <system-out>
    <![CDATA[Running test Case 2]]>
  </system-out>
  <testcase classname="KeyWords.Class9" name="TC2" time="0.004"/>
  <system-out>
    <![CDATA[Running test Case 2]]>
  </system-out>
  <testcase classname="KeyWords.Class9" name="TC2" time="0.001"/>
  <system-out>
    <![CDATA[Running test Case 2]]>
  </system-out>
  <testcase classname="KeyWords.Class9" name="TC1" time="0.002"/>
  <system-out>
    <![CDATA[Running test Case 1]]>
  </system-out>
  <testcase classname="KeyWords.Class9" name="TC3" time="0.001"/>
  <system-out>
    <![CDATA[Running test case 3]]>
  </system-out>
  <testcase classname="KeyWords.Class9" name="TC3" time="0.002"/>
  <system-out>
    <![CDATA[Running test case 3]]>
  </system-out>
  <testcase classname="KeyWords.Class9" name="TC6" time="0.001"/>
  <system-out>
    <![CDATA[Running test case 6]]>
  </system-out>
  <testcase classname="KeyWords.Class9" name="TC7" time="0.001"/>
  <system-out>
    <![CDATA[Running test case 7 ]]>
  </system-out>
  <testcase classname="KeyWords.Class9" name="TC7" time="0.001"/>
  <system-out>
    <![CDATA[Running test case 7 ]]>
  </system-out>
  <testcase classname="KeyWords.Class9" name="TC7" time="0.001"/>
  <system-out>
    <![CDATA[Running test case 7 ]]>
  </system-out>
  <testcase classname="KeyWords.Class9" name="TC7" time="0.002"/>
  <system-out>
    <![CDATA[Running test case 7 ]]>
  </system-out>
  <testcase classname="KeyWords.Class9" name="TC5" time="0.002"/>
  <system-out>
    <![CDATA[Running test Case 5]]>
  </system-out>
  <testcase classname="KeyWords.Class9" name="TC5" time="0.002"/>
  <system-out>
    <![CDATA[Running test Case 5]]>
  </system-out>
  <testcase classname="KeyWords.Class9" name="TC5" time="0.004"/>
  <system-out>
    <![CDATA[Running test Case 5]]>
  </system-out>
  <testcase classname="KeyWords.Class9" name="TC5" time="0.001"/>
  <system-out>
    <![CDATA[Running test Case 5]]>
  </system-out>
  <testcase classname="KeyWords.Class9" name="TC5" time="0.000"/>
  <system-out>
    <![CDATA[Running test Case 5]]>
  </system-out>
  <testcase classname="KeyWords.Class9" name="TC4">
    <skipped/>
  </testcase> <!-- TC4 -->
  <system-out/>
</testsuite> <!-- KeyWords.Class9 -->
