<?xml version="1.0" encoding="UTF-8"?>
<!-- Generated by org.testng.reporters.JUnitReportReporter -->
<testsuite hostname="DESKTOP-D0JLFQF" failures="0" tests="12" name="KeyWords.Class1" time="0.043" errors="0" timestamp="2023-01-02T15:08:06 IST" skipped="1">
  <testcase classname="KeyWords.Class1" name="tc10" time="0.001"/>
  <system-out>
    <![CDATA[tc10]]>
  </system-out>
  <testcase classname="KeyWords.Class1" name="tc10" time="0.002"/>
  <system-out>
    <![CDATA[tc10]]>
  </system-out>
  <testcase classname="KeyWords.Class1" name="tc10" time="0.002"/>
  <system-out>
    <![CDATA[tc10]]>
  </system-out>
  <testcase classname="KeyWords.Class1" name="tc10" time="0.014"/>
  <system-out>
    <![CDATA[tc10]]>
  </system-out>
  <testcase classname="KeyWords.Class1" name="tc10" time="0.007"/>
  <system-out>
    <![CDATA[tc10]]>
  </system-out>
  <testcase classname="KeyWords.Class1" name="TC1" time="0.004"/>
  <system-out>
    <![CDATA[TC1]]>
  </system-out>
  <testcase classname="KeyWords.Class1" name="TC1" time="0.001"/>
  <system-out>
    <![CDATA[TC1]]>
  </system-out>
  <testcase classname="KeyWords.Class1" name="TC1" time="0.004"/>
  <system-out>
    <![CDATA[TC1]]>
  </system-out>
  <testcase classname="KeyWords.Class1" name="TC1" time="0.001"/>
  <system-out>
    <![CDATA[TC1]]>
  </system-out>
  <testcase classname="KeyWords.Class1" name="TC1" time="0.005"/>
  <system-out>
    <![CDATA[TC1]]>
  </system-out>
  <testcase classname="KeyWords.Class1" name="tc2" time="0.002"/>
  <system-out>
    <![CDATA[Tc2]]>
  </system-out>
  <testcase classname="KeyWords.Class1" name="TC3">
    <skipped/>
  </testcase> <!-- TC3 -->
  <system-out/>
</testsuite> <!-- KeyWords.Class1 -->
