<?xml version="1.0" encoding="UTF-8"?>
<!-- Generated by org.testng.reporters.JUnitReportReporter -->
<testsuite hostname="DESKTOP-D0JLFQF" failures="0" tests="1" name="Prallel_execution_1.Class4" time="19.275" errors="0" timestamp="2023-01-09T18:45:13 IST" skipped="0">
  <testcase classname="Prallel_execution_1.Class4" name="tc1" time="19.275"/>
  <system-out/>
</testsuite> <!-- Prallel_execution_1.Class4 -->
