<?xml version="1.0" encoding="UTF-8"?>
<!-- Generated by org.testng.reporters.JUnitReportReporter -->
<testsuite hostname="DESKTOP-D0JLFQF" failures="0" tests="1" name="grouping_of_test_cases.Class3" time="0.002" errors="0" timestamp="2023-01-09T18:39:21 IST" skipped="0">
  <testcase classname="grouping_of_test_cases.Class3" name="tc8" time="0.002"/>
  <system-out>
    <![CDATA[Running tc8]]>
  </system-out>
</testsuite> <!-- grouping_of_test_cases.Class3 -->
