<?xml version="1.0" encoding="UTF-8"?>
<!-- Generated by org.testng.reporters.JUnitReportReporter -->
<testsuite hostname="DESKTOP-D0JLFQF" failures="0" tests="2" name="Prallel_execution_1.Class5" time="70.602" errors="0" timestamp="2023-01-10T12:54:56 IST" skipped="0">
  <testcase classname="Prallel_execution_1.Class5" name="openZuluAndGoku_io" time="47.930"/>
  <system-out/>
  <testcase classname="Prallel_execution_1.Class5" name="openZuluAndGoku_io" time="22.672"/>
  <system-out/>
</testsuite> <!-- Prallel_execution_1.Class5 -->
