<?xml version="1.0" encoding="UTF-8"?>
<!-- Generated by org.testng.reporters.JUnitReportReporter -->
<testsuite hostname="DESKTOP-D0JLFQF" failures="0" tests="3" name="Compatibility_Testing.Class3" time="211.843" errors="0" timestamp="2023-01-10T20:08:10 IST" skipped="0">
  <testcase classname="Compatibility_Testing.Class3" name="Comp" time="70.579"/>
  <system-out/>
  <testcase classname="Compatibility_Testing.Class3" name="Comp" time="70.571"/>
  <system-out/>
  <testcase classname="Compatibility_Testing.Class3" name="Comp" time="70.693"/>
  <system-out/>
</testsuite> <!-- Compatibility_Testing.Class3 -->
