<?xml version="1.0" encoding="UTF-8"?>
<!-- Generated by org.testng.reporters.JUnitReportReporter -->
<testsuite hostname="DESKTOP-D0JLFQF" failures="0" tests="3" name="Compatibility_Testing.Class2" time="161.178" errors="0" timestamp="2023-01-10T19:43:45 IST" skipped="0">
  <testcase classname="Compatibility_Testing.Class2" name="openBroswers" time="53.184"/>
  <system-out/>
  <testcase classname="Compatibility_Testing.Class2" name="openBroswers" time="67.208"/>
  <system-out/>
  <testcase classname="Compatibility_Testing.Class2" name="openBroswers" time="40.786"/>
  <system-out/>
</testsuite> <!-- Compatibility_Testing.Class2 -->
