<?xml version="1.0" encoding="UTF-8"?>
<!-- Generated by org.testng.reporters.JUnitReportReporter -->
<testsuite hostname="DESKTOP-D0JLFQF" failures="0" tests="1" name="Prallel_execution_1.Class2" time="18.100" errors="0" timestamp="2023-01-13T14:35:35 IST" skipped="0">
  <testcase classname="Prallel_execution_1.Class2" name="openZuluAndGoku_io" time="18.100"/>
  <system-out/>
</testsuite> <!-- Prallel_execution_1.Class2 -->
