<?xml version="1.0" encoding="UTF-8"?>
<!-- Generated by org.testng.reporters.JUnitReportReporter -->
<testsuite hostname="DESKTOP-D0JLFQF" failures="0" tests="1" name="grouping_of_test_cases.class2" time="0.008" errors="0" timestamp="2023-01-09T18:39:21 IST" skipped="0">
  <testcase classname="grouping_of_test_cases.class2" name="profile" time="0.008"/>
  <system-out>
    <![CDATA[profile]]>
  </system-out>
</testsuite> <!-- grouping_of_test_cases.class2 -->
