<?xml version="1.0" encoding="UTF-8"?>
<!-- Generated by org.testng.reporters.JUnitReportReporter -->
<testsuite hostname="DESKTOP-D0JLFQF" failures="0" tests="3" name="Compatibility_Testing.class4" time="169.964" errors="0" timestamp="2023-01-13T16:05:10 IST" skipped="0">
  <testcase classname="Compatibility_Testing.class4" name="tc2" time="59.434"/>
  <system-out/>
  <testcase classname="Compatibility_Testing.class4" name="tc2" time="58.116"/>
  <system-out/>
  <testcase classname="Compatibility_Testing.class4" name="tc2" time="52.414"/>
  <system-out/>
</testsuite> <!-- Compatibility_Testing.class4 -->
