<?xml version="1.0" encoding="UTF-8"?>
<!-- Generated by org.testng.reporters.JUnitReportReporter -->
<testsuite hostname="DESKTOP-D0JLFQF" failures="0" tests="3" name="Compatibility_Testing.Class1" time="166.365" errors="0" timestamp="2023-01-10T19:21:11 IST" skipped="0">
  <testcase classname="Compatibility_Testing.Class1" name="openBrowser" time="55.166"/>
  <system-out/>
  <testcase classname="Compatibility_Testing.Class1" name="openBrowser" time="64.673"/>
  <system-out/>
  <testcase classname="Compatibility_Testing.Class1" name="openBrowser" time="46.526"/>
  <system-out/>
</testsuite> <!-- Compatibility_Testing.Class1 -->
